\BOOKMARK [1][-]{section.1}{Introduction and Overview}{}% 1
\BOOKMARK [1][-]{section.2}{Causal Inference Methods}{}% 2
\BOOKMARK [2][-]{subsection.2.1}{Granger Causality}{section.2}% 3
\BOOKMARK [2][-]{subsection.2.2}{Convergent Cross Mapping}{section.2}% 4
\BOOKMARK [2][-]{subsection.2.3}{Perturbation Inference}{section.2}% 5
\BOOKMARK [1][-]{section.3}{Oscillator Systems}{}% 6
\BOOKMARK [2][-]{subsection.3.1}{Harmonic Oscillators}{section.3}% 7
\BOOKMARK [2][-]{subsection.3.2}{Directed Harmonic Oscillators}{section.3}% 8
\BOOKMARK [2][-]{subsection.3.3}{Kuramoto Oscillators}{section.3}% 9
\BOOKMARK [1][-]{section.4}{Numerical Experiments}{}% 10
\BOOKMARK [1][-]{section.5}{Computational Results}{}% 11
\BOOKMARK [2][-]{subsection.5.1}{Inference for Two Oscillator System}{section.5}% 12
\BOOKMARK [2][-]{subsection.5.2}{Inference on Erdos-Renyi Networks}{section.5}% 13
\BOOKMARK [2][-]{subsection.5.3}{Perturbation Inference for Two Oscillator System}{section.5}% 14
\BOOKMARK [2][-]{subsection.5.4}{Inference for N Oscillators}{section.5}% 15
\BOOKMARK [2][-]{subsection.5.5}{Inference with Damped Oscillator System}{section.5}% 16
\BOOKMARK [1][-]{section.6}{Analysis}{}% 17
\BOOKMARK [2][-]{subsection.6.1}{Reasons why Granger Causality works with Perturbed Harmonic Oscillator Data}{section.6}% 18
\BOOKMARK [1][-]{section.7}{Appendix A}{}% 19
\BOOKMARK [2][-]{subsection.7.1}{Calculating Wait Time for Damped Harmonic Oscillators}{section.7}% 20
\BOOKMARK [1][-]{section.8}{Appendix B}{}% 21
